<?xml version="1.0" encoding="UTF-8"?>
<testsuite name="edu.unicen.tallerjava.todo.users.UserServiceTest" tests="4" skipped="0" failures="0" errors="0" timestamp="2020-05-03T23:53:24" hostname="DESKTOP-I1F4DBT" time="64.773">
  <properties/>
  <testcase name="testLoginUser" classname="edu.unicen.tallerjava.todo.users.UserServiceTest" time="0.053"/>
  <testcase name="testAddUsersAndClear" classname="edu.unicen.tallerjava.todo.users.UserServiceTest" time="64.711"/>
  <testcase name="testAddNullUser" classname="edu.unicen.tallerjava.todo.users.UserServiceTest" time="0.004"/>
  <testcase name="testSortedByName" classname="edu.unicen.tallerjava.todo.users.UserServiceTest" time="0.005"/>
  <system-out><![CDATA[]]></system-out>
  <system-err><![CDATA[]]></system-err>
</testsuite>
