<?xml version="1.0" encoding="UTF-8"?>
<testsuite name="edu.unicen.tallerjava.todo.users.CurrentUserTest" tests="2" skipped="0" failures="0" errors="0" timestamp="2020-05-03T23:53:22" hostname="DESKTOP-I1F4DBT" time="2.618">
  <properties/>
  <testcase name="testGetsDefaultUser" classname="edu.unicen.tallerjava.todo.users.CurrentUserTest" time="0.0"/>
  <testcase name="testCurrentConcurrent" classname="edu.unicen.tallerjava.todo.users.CurrentUserTest" time="2.617"/>
  <system-out><![CDATA[]]></system-out>
  <system-err><![CDATA[]]></system-err>
</testsuite>
